---
- :name: 沈菁
  :tax: 1142.3899999999999
  :company: 华谊
  :bonus_month: 2021-02-01
  :report:
  - "  2021.03.09    1142.39 2021.03.12⼯资薪⾦所得   2021.02      国家税务总局上海市宝⼭区"
- :name: 余志文
  :tax: 1313.9499999999998
  :company: 华谊
  :bonus_month: 2021-02-01
  :report:
  - "  2021.03.09    1313.95 2021.03.12⼯资薪⾦所得   2021.02      国家税务总局上海市宝⼭区"
- :name: 戴平
  :tax: 7319.8
  :company: 华谊
  :bonus_month: 2021-02-01
  :report:
  - "  2021.03.09    7319.80 2021.03.12⼯资薪⾦所得   2021.02      国家税务总局上海市宝⼭区"
- :name: 蒋若宁
  :tax: 85291.96
  :company: 华谊
  :bonus_month: 2021-02-01
  :report:
  - "  2021.03.09    85291.962021.03.12 ⼯资薪⾦所得    2021.02     税务局"
- :name: 梁海飞
  :tax: 1256.58
  :company: 华谊
  :bonus_month: 2021-02-01
  :report:
  - "  2021.03.09    1256.58 2021.03.12⼯资薪⾦所得   2021.02      国家税务总局上海市宝⼭区"
- :name: 解振鸿
  :tax: 1096.3899999999999
  :company: 华谊
  :bonus_month: 2021-02-01
  :report:
  - "  2021.03.09    1096.39 2021.03.12⼯资薪⾦所得   2021.02      国家税务总局上海市宝⼭区"
- :name: 马跃乾
  :tax: 776.23
  :company: 华谊
  :bonus_month: 2021-02-01
  :report:
  - "  2021.03.09    776.23 2021.03.12⼯资薪⾦所得   2021.02     税务局"
- :name: 李锋
  :tax: 38334.14
  :company: 华谊
  :bonus_month: 2021-02-01
  :report:
  - "  2021.03.09   38334.142021.03.12⼯资薪⾦所得   2021.02     税务局"
- :name: 孙泽
  :tax: 79837.88
  :company: 华谊
  :bonus_month: 2021-02-01
  :report: []
- :name: 周达亮
  :tax: 764.86
  :company: 华谊
  :bonus_month: 2021-02-01
  :report:
  - "  2021.03.09     764.86 2021.03.12⼯资薪⾦所得   2021.02      国家税务总局上海市宝⼭区"
- :name: 陶青
  :tax: 53464.39
  :company: 华谊
  :bonus_month: 2021-02-01
  :report:
  - "  2021.03.09   53464.39 2021.03.12⼯资薪⾦所得   2021.02      国家税务总局上海市宝⼭区"
- :name: 刘显宗
  :tax: 9219.26
  :company: 华谊
  :bonus_month: 2021-02-01
  :report: []
- :name: 王旺
  :tax: 4104.38
  :company: 华谊
  :bonus_month: 2021-02-01
  :report:
  - "  2021.03.09    4104.38 2021.03.12⼯资薪⾦所得   2021.02      国家税务总局上海市宝⼭区"
- :name: 吴文显
  :tax: 817.5
  :company: 华谊
  :bonus_month: 2021-02-01
  :report:
  - "  2021.03.09     817.50 2021.03.12⼯资薪⾦所得   2021.02      国家税务总局上海市宝⼭区"
- :name: 黄桂华
  :tax: 998.38
  :company: 华谊
  :bonus_month: 2021-02-01
  :report:
  - "  2021.03.09     998.38 2021.03.12⼯资薪⾦所得   2021.02      国家税务总局上海市宝⼭区"
- :name: 林俊和
  :tax: 4308.29
  :company: 华谊
  :bonus_month: 2021-02-01
  :report:
  - "  2021.03.09    4308.29 2021.03.12⼯资薪⾦所得   2021.02      国家税务总局上海市宝⼭区"
- :name: 沈大农
  :tax: 85770.0
  :company: 华谊
  :bonus_month: 2021-02-01
  :report: []
- :name: 方育华
  :tax: 2667.82
  :company: 波司登
  :bonus_month: 2020-12-01
  :report:
  - "   2021.01.05    2667.82 2021.01.06 ⼯资薪⾦所得    2020.12      国家税务总局上海市宝⼭区"
- :name: 桂益龙
  :tax: 79771.02
  :company: 波司登
  :bonus_month: 2020-12-01
  :report:
  - "   2021.01.05   79771.02 2021.01.06 ⼯资薪⾦所得     2020.12      国家税务总局上海市宝⼭区"
- :name: 王春荣
  :tax: 14190.0
  :company: 宝景
  :bonus_month: 2020-12-01
  :report:
  - "  2020.12.28     228.12  2021.01.04          2020.12      国家税务总局上海市宝⼭区"
  - "  2021.01.05    27555.62 2021.01.06          2020.12      国家税务总局上海市宝⼭区"
- :name: 虞小斌
  :tax: 1080.0
  :company: 宝景
  :bonus_month: 2020-12-01
  :report:
  - "  2021.01.05    9906.06 2021.01.06⼯资薪⾦所得   2020.12      国家税务总局上海市宝⼭区"
- :name: 李镇宁
  :tax: 14190.0
  :company: 宝景
  :bonus_month: 2020-12-01
  :report:
  - "  2020.12.28      342.18 2021.01.04  经营所得     2020.12"
  - "  2021.01.05    29564.42 2021.01.06⼯资薪⾦所得     2020.12     国家税务总局上海市宝⼭区"
- :name: 许捷
  :tax: 14190.0
  :company: 宝景
  :bonus_month: 2020-12-01
  :report:
  - "  2021.01.05   15051.61 2021.01.06⼯资薪⾦所得   2020.12      国家税务总局上海市宝⼭区"
- :name: 孙建淮
  :tax: 14190.0
  :company: 宝景
  :bonus_month: 2020-12-01
  :report:
  - "  2021.01.05    21437.82 2021.01.06⼯资薪⾦所得     2020.12"
- :name: 卢健琦
  :tax: 14190.0
  :company: 宝景
  :bonus_month: 2020-12-01
  :report:
  - "                 2020.12      47941.24  国家税务总局上海市      上海宝景信息技        2021.01.05
    \  2021.01.06"
- :name: 黄伟
  :tax: 7599.2
  :company: 钢软
  :bonus_month: 2021-02-01
  :report:
  - 工资薪金所得               202102       35,113.80     526.70       宝山区税务局             上海钢软信息技术工程股份有限公司
  - 工资薪金所得               202102       72,825.00    7,072.50      宝山区税务局             上海钢软信息技术工程股份有限公司
- :name: 李晓宇
  :tax: 13414.11
  :company: 钢软
  :bonus_month: 2021-02-01
  :report:
  - "  2021.03.12   13414.11 2021.03.16⼯资薪⾦所得   2021.02      国家税务总局上海市宝⼭区"
- :name: 麻清泉
  :tax: 39434.05
  :company: 钢软
  :bonus_month: 2021-02-01
  :report:
  - 工资薪金所得               202102        96,880.88   4,844.05       宝山区税务局            上海钢软信息技术工程股份有限公司
  - 工资薪金所得               202102       180,000.00   34,590.00      宝山区税务局            上海钢软信息技术工程股份有限公司
- :name: 王雁飞
  :tax: 1030.79
  :company: 钢软
  :bonus_month: 2021-02-01
  :report:
  - 工资薪金所得               202102       26,179.20     392.69       宝山区税务局             上海钢软信息技术工程股份有限公司
  - 工资薪金所得               202102       21,270.00     638.10       宝山区税务局             上海钢软信息技术工程股份有限公司
- :name: 芦晓菲
  :tax: 10283.460000000001
  :company: 钢软
  :bonus_month: 2021-02-01
  :report:
  - 工资薪金所得               202102       27,785.00     416.77       宝山区税务局             上海钢软信息技术工程股份有限公司
  - 工资薪金所得               202102       00,766.87    9,866.69      宝山区税务局             上海钢软信息技术工程股份有限公司
- :name: 牟磊
  :tax: 9133.01
  :company: 钢软
  :bonus_month: 2021-02-01
  :report:
  - 工资薪金所得               202102        49,094.20   1,653.01       宝山区税务局            上海钢软信息技术工程股份有限公司
  - 工资薪金所得               202102        76,900.00   7,480.00       宝山区税务局            上海钢软信息技术工程股份有限公司
- :name: 王华旗
  :tax: 6378.92
  :company: 钢软
  :bonus_month: 2021-02-01
  :report:
  - 工资薪金所得               202102        33,954.20     509.32       宝山区税务局            上海钢软信息技术工程股份有限公司
  - 工资薪金所得               202102        60,796.00   5,869.60       宝山区税务局            上海钢软信息技术工程股份有限公司
- :name: 黄国俊
  :tax: 10771.369999999999
  :company: 钢软
  :bonus_month: 2021-02-01
  :report:
  - 工资薪金所得               202102       28,610.00     429.15       宝山区税务局             上海钢软信息技术工程股份有限公司
  - 工资薪金所得               202102       05,522.19   10,342.22      宝山区税务局             上海钢软信息技术工程股份有限公司
- :name: 汤君
  :tax: 7131.09
  :company: 钢软
  :bonus_month: 2021-02-01
  :report:
  - 工资薪金所得               202102       36,895.20     616.09       宝山区税务局             上海钢软信息技术工程股份有限公司
  - 工资薪金所得               202102       67,250.00    6,515.00      宝山区税务局             上海钢软信息技术工程股份有限公司
- :name: 仲崇友
  :tax: 1066.08
  :company: 钢软
  :bonus_month: 2021-02-01
  :report:
  - "  2021.03.12    1066.08 2021.03.16⼯资薪⾦所得   2021.02      国家税务总局上海市宝⼭区"
- :name: 龚晓华
  :tax: 8537.11
  :company: 钢软
  :bonus_month: 2021-02-01
  :report:
  - 工资薪金所得               202102        46,954.20   1,471.11       宝山区税务局            上海钢软信息技术工程股份有限公司
  - 工资薪金所得               202102        72,760.00   7,066.00       宝山区税务局            上海钢软信息技术工程股份有限公司
- :name: 董亮
  :tax: 87033.46
  :company: 复控华龙
  :bonus_month: 2021-02-01
  :report:
  - "   2021.03.10   87033.46 2021.03.11 ⼯资薪⾦所得    2021.02      税务局"
- :name: 李睿
  :tax: 4861.620000000001
  :company: 复控华龙
  :bonus_month: 2021-02-01
  :report:
  - "  2021.03.10    4861.62 2021.03.11⼯资薪⾦所得   2021.02      税务局"
- :name: 杨松绍
  :tax: 10765.41
  :company: 复控华龙
  :bonus_month: 2021-02-01
  :report:
  - "  2021.03.10    10765.41 2021.03.11⼯资薪⾦所得     2021.02"
- :name: 丁仕杰
  :tax: 1240.22
  :company: 复控华龙
  :bonus_month: 2021-02-01
  :report:
  - "  2021.03.10    1240.22 2021.03.11⼯资薪⾦所得   2021.02      税务局"
- :name: 陈文权
  :tax: 4209.8099999999995
  :company: 复控华龙
  :bonus_month: 2021-02-01
  :report:
  - "  2021.03.10    4209.812021.03.11⼯资薪⾦所得   2021.02     税务局"
- :name: 王嘉韡
  :tax: 10748.56
  :company: 复控华龙
  :bonus_month: 2021-02-01
  :report:
  - "   2021.03.10   10748.56 2021.03.11 ⼯资薪⾦所得    2021.02      税务局"
- :name: 戴忠东
  :tax: 13811.71
  :company: 复控华龙
  :bonus_month: 2021-02-01
  :report:
  - "   2021.03.03     50.00  2021.03.04 劳务报酬所得    2021.02      区税务局              原始申报"
  - "   2021.03.03      0.00     -       ⼯资薪⾦所得    2021.02                        零申报"
  - "   2021.03.10   13811.71 2021.03.11 ⼯资薪⾦所得    2021.02"
- :name: 喻昌远
  :tax: 10740.06
  :company: 复控华龙
  :bonus_month: 2021-02-01
  :report:
  - "   2021.03.10   10740.06 2021.03.11 ⼯资薪⾦所得    2021.02      税务局"
- :name: 肖远平
  :tax: 9625.46
  :company: 复控华龙
  :bonus_month: 2021-02-01
  :report:
  - "   2021.03.10    9625.46 2021.03.11 ⼯资薪⾦所得    2021.02      税务局"
- :name: 罗友军
  :tax: 13841.26
  :company: 复控华龙
  :bonus_month: 2021-02-01
  :report:
  - "   2021.03.10   13841.26 2021.03.11 ⼯资薪⾦所得    2021.02      税务局"
- :name: 李蔚
  :tax: 14235.4
  :company: 复控华龙
  :bonus_month: 2021-02-01
  :report:
  - "   2021.03.08      0.00     -       ⼯资薪⾦所得    2021.02                        零申报"
  - "  2021.03.10   14235.402021.03.11⼯资薪⾦所得   2021.02"
- :name: 陈燕
  :tax: 6994.77
  :company: 复控华龙
  :bonus_month: 2021-02-01
  :report:
  - "   2021.03.10    6994.77 2021.03.11 ⼯资薪⾦所得    2021.02"
  - "   2021.03.11     40.00  2021.03.16 劳务报酬所得    2021.02"
- :name: 徐家君
  :tax: 5001.51
  :company: 复控华龙
  :bonus_month: 2021-02-01
  :report:
  - "  2021.03.10    5001.512021.03.11⼯资薪⾦所得   2021.02     税务局"
- :name: 盛秀梅
  :tax: 754.7
  :company: 复控华龙
  :bonus_month: 2021-02-01
  :report:
  - "   2021.03.10     754.70 2021.03.11 ⼯资薪⾦所得    2021.02      税务局"
- :name: 熊颖斌
  :tax: 6029.14
  :company: 复控华龙
  :bonus_month: 2021-02-01
  :report:
  - "   2021.03.10    6029.14 2021.03.11 ⼯资薪⾦所得    2021.02      税务局"
- :name: 曾梦琪
  :tax: 1246.29
  :company: 复控华龙
  :bonus_month: 2021-02-01
  :report:
  - "  2021.03.10   1246.29 2021.03.1⼯资薪⾦所得    2021.02"
- :name: 王铮
  :tax: 34892.159999999996
  :company: 复控华龙
  :bonus_month: 2021-02-01
  :report:
  - "   2021.03.10   34892.16 2021.03.11 ⼯资薪⾦所得    2021.02      税务局"
- :name: 廖小勇
  :tax: 15145.56
  :company: 复控华龙
  :bonus_month: 2021-02-01
  :report:
  - "   2021.03.10   15145.56 2021.03.11 ⼯资薪⾦所得    2021.02      税务局"
- :name: 方耀峰
  :tax: 3101.24
  :company: 联蔚数字
  :bonus_month: 2021-02-01
  :report:
  - "  2021.03.14    3101.242021.03.16⼯资薪⾦所得   2021.02"
- :name: 杨孔来
  :tax: 1371.53
  :company: 联蔚数字
  :bonus_month: 2021-02-01
  :report:
  - "  2021.03.14    1371.53 2021.03.16⼯资薪⾦所得   2021.02      国家税务总局上海市宝⼭区"
- :name: 谢启航
  :tax: 348.48
  :company: 联蔚数字
  :bonus_month: 2021-02-01
  :report:
  - "  2021.03.14     348.48 2021.03.16⼯资薪⾦所得   2021.02      国家税务总局上海市宝⼭区"
- :name: 徐伟
  :tax: 886.57
  :company: 联蔚数字
  :bonus_month: 2021-02-01
  :report:
  - "  2021.03.14     886.57  2021.03.16⼯资薪⾦所得    2021.02      国家税务总局上海市宝⼭区"
- :name: 薛建明
  :tax: 700.21
  :company: 联蔚数字
  :bonus_month: 2021-02-01
  :report:
  - "  2021.03.14     700.21 2021.03.16⼯资薪⾦所得   2021.02      国家税务总局上海市宝⼭区"
- :name: 胡健
  :tax: 3985.27
  :company: 联蔚数字
  :bonus_month: 2021-02-01
  :report:
  - "  2021.03.14    3985.27 2021.03.16⼯资薪⾦所得   2021.02      国家税务总局上海市宝⼭区"
- :name: 朱君磊
  :tax: 4600.51
  :company: 联蔚数字
  :bonus_month: 2021-02-01
  :report:
  - "  2021.03.14    4600.51 2021.03.16⼯资薪⾦所得    2021.02"
- :name: 刘志远
  :tax: 543.42
  :company: 联蔚数字
  :bonus_month: 2021-02-01
  :report:
  - "  2021.03.14     543.42 2021.03.16⼯资薪⾦所得   2021.02      国家税务总局上海市宝⼭区"
- :name: 车宜霖
  :tax: 441.61
  :company: 联蔚数字
  :bonus_month: 2021-02-01
  :report:
  - "  2021.03.14     441.61 2021.03.16⼯资薪⾦所得   2021.02      国家税务总局上海市宝⼭区"
- :name: 孟晓飞
  :tax: 362.64
  :company: 联蔚数字
  :bonus_month: 2021-02-01
  :report:
  - "  2021.03.14     362.64 2021.03.16⼯资薪⾦所得   2021.02      国家税务总局上海市宝⼭区"
- :name: 沈蓓华
  :tax: 5110.51
  :company: 联蔚数字
  :bonus_month: 2021-02-01
  :report:
  - "  2021.03.14    5110.51 2021.03.16⼯资薪⾦所得    2021.02"
- :name: 金坚
  :tax: 12128.27
  :company: 联蔚数字
  :bonus_month: 2021-02-01
  :report:
  - "  2021.03.14    12128.27 2021.03.16⼯资薪⾦所得     2021.02     税务局"
  - "  2021.03.18       0.00     -      ⼯资薪⾦所得     2021.02                       零申报"
- :name: 谭晓强
  :tax: 21589.13
  :company: 联蔚数字
  :bonus_month: 2021-02-01
  :report:
  - "   2021.03.10      0.00                       2021.02      国家税务总局上海市宝⼭区"
  - "   2021.03.14   21589.13 2021.03.16 ⼯资薪⾦所得    2021.02      税务局"
- :name: 凌晓芳
  :tax: 3444.49
  :company: 联蔚数字
  :bonus_month: 2021-02-01
  :report:
  - "  2021.03.14    3444.49 2021.03.16⼯资薪⾦所得    2021.02"
- :name: 张玉莹
  :tax: 1603.87
  :company: 联蔚数字
  :bonus_month: 2021-02-01
  :report:
  - "  2021.03.14    1603.87 2021.03.16⼯资薪⾦所得   2021.02      国家税务总局上海市宝⼭区"
- :name: 单亮
  :tax: 3157.11
  :company: 联蔚数字
  :bonus_month: 2021-02-01
  :report:
  - "  2021.03.14    3157.112021.03.16⼯资薪⾦所得   2021.02     税务局"
- :name: 童莉莉
  :tax: 12689.13
  :company: 联蔚数字
  :bonus_month: 2021-02-01
  :report:
  - "  2021.03.14   12689.132021.03.16⼯资薪⾦所得   2021.02"
- :name: 徐昕昊
  :tax: 3310.51
  :company: 联蔚数字
  :bonus_month: 2021-02-01
  :report:
  - "  2021.03.14    3310.51 2021.03.16⼯资薪⾦所得    2021.02"
- :name: 施浏峰
  :tax: 3214.72
  :company: 联蔚数字
  :bonus_month: 2021-02-01
  :report:
  - "  2021.03.14    3214.72 2021.03.16⼯资薪⾦所得   2021.02      国家税务总局上海市宝⼭区"
- :name: 雷朋超
  :tax: 1204.91
  :company: 联蔚数字
  :bonus_month: 2021-02-01
  :report:
  - "  2021.03.14    1204.91 2021.03.16⼯资薪⾦所得   2021.02      国家税务总局上海市宝⼭区"
- :name: 姚锴
  :tax: 350.47
  :company: 联蔚数字
  :bonus_month: 2021-02-01
  :report:
  - "  2021.03.14     350.47 2021.03.16⼯资薪⾦所得   2021.02      国家税务总局上海市宝⼭区"
- :name: 耿左余
  :tax: 3942.27
  :company: 联蔚数字
  :bonus_month: 2021-02-01
  :report:
  - "  2021.03.14    3942.272021.03.16⼯资薪⾦所得   2021.02     税务局"
- :name: 蒋玮
  :tax: 3387.33
  :company: 联蔚数字
  :bonus_month: 2021-02-01
  :report:
  - "  2021.03.14    3387.33 2021.03.16⼯资薪⾦所得   2021.02      国家税务总局上海市宝⼭区"
- :name: 徐忻然
  :tax: 904.33
  :company: 联蔚数字
  :bonus_month: 2021-02-01
  :report:
  - "  2021.03.14     904.33 2021.03.16⼯资薪⾦所得   2021.02      国家税务总局上海市宝⼭区"
- :name: 李伟辰
  :tax: 444.74
  :company: 联蔚数字
  :bonus_month: 2021-02-01
  :report:
  - "  2021.03.14     444.74 2021.03.16⼯资薪⾦所得   2021.02      国家税务总局上海市宝⼭区"
- :name: 朱英俊
  :tax: 734.33
  :company: 联蔚数字
  :bonus_month: 2021-02-01
  :report:
  - "  2021.03.14     734.33 2021.03.16⼯资薪⾦所得   2021.02      国家税务总局上海市宝⼭区"
- :name: 杨磊
  :tax: 17189.13
  :company: 联蔚数字
  :bonus_month: 2021-02-01
  :report:
  - "   2021.03.10      0.00     -       ⼯资薪⾦所得     2021.02      国家税务总局上海市宝⼭区      零申报"
  - "   2021.03.14   17189.13 2021.03.16            2021.02      国家税务总局上海市宝⼭区"
- :name: 田星
  :tax: 27085.13
  :company: 联蔚数字
  :bonus_month: 2021-02-01
  :report:
  - "   2021.03.02      0.00     -       ⼯资薪⾦所得     2021.02      国家税务总局上海市奉贤区      零申报"
  - "   2021.03.10      0.00                        2021.02      国家税务总局上海市宝⼭区"
  - "   2021.03.10      0.00     -       ⼯资薪⾦所得     2021.02      税务局               零申报"
  - "   2021.03.14   27085.13 2021.03.16 ⼯资薪⾦所得     2021.02"
- :name: 陆飞飞
  :tax: 490.51
  :company: 联蔚数字
  :bonus_month: 2021-02-01
  :report:
  - "  2021.03.05      0.00     -      劳务报酬所得    2021.02                       零申报"
  - "  2021.03.14     490.51 2021.03.16⼯资薪⾦所得    2021.02"
- :name: 张志岑
  :tax: 1482.67
  :company: 联蔚数字
  :bonus_month: 2021-02-01
  :report:
  - "  2021.03.14    1482.67 2021.03.16⼯资薪⾦所得    2021.02"
- :name: 何建臣
  :tax: 2436.68
  :company: 联蔚数字
  :bonus_month: 2021-02-01
  :report:
  - "   2021.03.12      0.00     -       ⼯资薪⾦所得     2021.02      区税务局              零申报"
  - "   2021.03.14    2436.68 2021.03.16 ⼯资薪⾦所得     2021.02"
- :name: 唐文俊
  :tax: 422.26
  :company: 联蔚数字
  :bonus_month: 2021-02-01
  :report:
  - "  2021.03.14     422.26 2021.03.16⼯资薪⾦所得   2021.02      国家税务总局上海市宝⼭区"
- :name: 胡剑凡
  :tax: 45343.99
  :company: 联蔚数字
  :bonus_month: 2021-02-01
  :report:
  - "   2021.03.10      0.00     -       ⼯资薪⾦所得     2021.02                        零申报"
  - "   2021.03.10      0.00     -       ⼯资薪⾦所得     2021.02      国家税务总局上海市宝⼭区      零申报"
  - "   2021.03.10      0.00     -       ⼯资薪⾦所得     2021.02      国家税务总局上海市⻘浦区      零申报"
  - "   2021.03.10      0.00     -       ⼯资薪⾦所得     2021.02      国家税务总局上海市宝⼭区      零申报"
  - "   2021.03.12      0.00                        2021.02      国家税务总局上海市宝⼭区"
  - "   2021.03.12      0.00     -       ⼯资薪⾦所得     2021.02      税务局               零申报"
  - "   2021.03.14   45343.99 2021.03.16 ⼯资薪⾦所得     2021.02"
- :name: 周涛
  :tax: 421.41
  :company: 联蔚数字
  :bonus_month: 2021-02-01
  :report:
  - "  2021.03.14     421.41 2021.03.16⼯资薪⾦所得   2021.02      国家税务总局上海市宝⼭区"
- :name: 范常青
  :tax: 6362.96
  :company: 联蔚数字
  :bonus_month: 2021-02-01
  :report:
  - "  2021.03.14    6362.96 2021.03.16⼯资薪⾦所得   2021.02      国家税务总局上海市宝⼭区"
- :name: 陈斐
  :tax: 503.92
  :company: 联蔚数字
  :bonus_month: 2021-02-01
  :report:
  - "  2021.03.14     503.92 2021.03.16⼯资薪⾦所得    2021.02"
- :name: 杨永康
  :tax: 998.75
  :company: 联蔚数字
  :bonus_month: 2021-02-01
  :report:
  - "  2021.03.14    998.75 2021.03.16⼯资薪⾦所得   2021.02     税务局"
- :name: 熊功林
  :tax: 504.68
  :company: 联蔚数字
  :bonus_month: 2021-02-01
  :report:
  - "  2021.03.14      504.68 2021.03.16⼯资薪⾦所得     2021.02     税务局"
  - "  2021.03.15       0.00     -      ⼯资薪⾦所得     2021.02                       零申报"
- :name: 侯炜康
  :tax: 7138.14
  :company: 联蔚数字
  :bonus_month: 2021-02-01
  :report:
  - "  2021.03.08       0.00    -       劳务报酬所得    2021.02                        零申报"
  - "  2021.03.14     7138.14 2021.03.16⼯资薪⾦所得    2021.02"
  - "  2021.03.15       0.00    -       劳务报酬所得    2021.02                        零申报"
- :name: 宋志良
  :tax: 6712.53
  :company: 联蔚数字
  :bonus_month: 2021-02-01
  :report:
  - "  2021.03.14    6712.532021.03.16⼯资薪⾦所得   2021.02     税务局"
- :name: 潘存军
  :tax: 12389.13
  :company: 联蔚数字
  :bonus_month: 2021-02-01
  :report:
  - "   2021.03.02      0.00     -       ⼯资薪⾦所得     2021.02                        零申报"
  - "   2021.03.03      0.00     -       ⼯资薪⾦所得     2021.02                        零申报"
  - "   2021.03.03      0.00     -       ⼯资薪⾦所得     2021.02      国家税务总局天津东疆保税      零申报"
  - "   2021.03.10      0.00     -       ⼯资薪⾦所得     2021.02      国家税务总局上海市⻘浦区      零申报"
  - "   2021.03.12      0.00     -       ⼯资薪⾦所得     2021.02      国家税务总局上海市⻩浦区      零申报"
  - "   2021.03.14   12389.13 2021.03.16            2021.02      国家税务总局上海市宝⼭区"
- :name: 宣志强
  :tax: 439.3
  :company: 联蔚数字
  :bonus_month: 2021-02-01
  :report:
  - "  2021.03.14     439.30 2021.03.16⼯资薪⾦所得   2021.02      国家税务总局上海市宝⼭区"
- :name: 岳备
  :tax: 102340.0
  :company: 宝信
  :bonus_month: 2020-11-01
  :report:
  - "   ⼯资薪⾦所得         2020.11      5161.75                                  2020.12.03
    \  2020.12.15"
- :name: 包敏慧
  :tax: 14190.0
  :company: 宝信
  :bonus_month: 2020-11-01
  :report:
  - "   2020.12.03    2757.49 2020.12.15 ⼯资薪⾦所得    2020.11"
- :name: 高兵
  :tax: 14190.0
  :company: 宝信
  :bonus_month: 2020-11-01
  :report:
  - "  2020.12.03     1388.49 2020.12.15⼯资薪⾦所得    2020.11      国家税务总局上海市宝⼭区"
- :name: 夏亮
  :tax: 102340.0
  :company: 宝信
  :bonus_month: 2020-11-01
  :report:
  - "  2020.12.03     7198.40 2020.12.15⼯资薪⾦所得     2020.11"
- :name: 韩红俊
  :tax: 102340.0
  :company: 宝信
  :bonus_month: 2020-11-01
  :report:
  - "   2020.12.03    4486.62 2020.12.15 ⼯资薪⾦所得    2020.11      税务局"
  - "   2020.12.08      0.00     -       ⼯资薪⾦所得    2020.11                        零申报"
- :name: 牟笑迎
  :tax: 14190.0
  :company: 宝信
  :bonus_month: 2020-11-01
  :report:
  - "   2020.12.03    3919.22 2020.12.15 ⼯资薪⾦所得    2020.11      国家税务总局上海市宝⼭区"
- :name: 曹杰
  :tax: 1080.0
  :company: 宝信
  :bonus_month: 2020-11-01
  :report:
  - "  2020.12.03     1555.56 2020.12.15⼯资薪⾦所得     2020.11     国家税务总局上海市宝⼭区"
- :name: 陈宏明
  :tax: 1843.3600000000001
  :company: 钢联
  :bonus_month: 2021-02-01
  :report:
  - "  2021.03.01    1843.36 2021.03.05⼯资薪⾦所得    2021.02"
- :name: 高波
  :tax: 42681.71
  :company: 钢联
  :bonus_month: 2021-02-01
  :report:
  - "   2021.03.01   42681.71 2021.03.05 ⼯资薪⾦所得     2021.02"
  - "   2021.03.01      0.00     -       ⼯资薪⾦所得     2021.02                        零申报"
  - "   2021.03.10      0.00     -       ⼯资薪⾦所得     2021.02      国家税务总局上海市宝⼭区      零申报"
  - "   2021.03.10      0.00                        2021.02      国家税务总局上海市宝⼭区"
- :name: 郭凤容
  :tax: 3951.8
  :company: 钢联
  :bonus_month: 2021-02-01
  :report:
  - "  2021.03.01    3951.80 2021.03.05⼯资薪⾦所得   2021.02      国家税务总局上海市宝⼭区"
- :name: 郭君
  :tax: 4844.66
  :company: 钢联
  :bonus_month: 2021-02-01
  :report:
  - "  2021.03.01     4844.662021.03.05 ⼯资薪⾦所得    2021.02     税务局"
- :name: 胡左生
  :tax: 7976.95
  :company: 钢联
  :bonus_month: 2021-02-01
  :report:
  - "  2021.03.01    7976.95 2021.03.05⼯资薪⾦所得    2021.02"
- :name: 隆玉玲
  :tax: 6747.6
  :company: 钢联
  :bonus_month: 2021-02-01
  :report:
  - "  2021.03.01    6747.60 2021.03.05⼯资薪⾦所得   2021.02      国家税务总局上海市宝⼭区"
- :name: 史正磊
  :tax: 8259.43
  :company: 钢联
  :bonus_month: 2021-02-01
  :report:
  - "  2021.03.01    8259.43 2021.03.05⼯资薪⾦所得   2021.02      国家税务总局上海市宝⼭区"
- :name: 伍少波
  :tax: 8626.59
  :company: 钢联
  :bonus_month: 2021-02-01
  :report:
  - "  2021.03.01    8626.59 2021.03.05⼯资薪⾦所得    2021.02"
- :name: 赵海雯
  :tax: 6902.93
  :company: 钢联
  :bonus_month: 2021-02-01
  :report:
  - "  2021.03.01    6902.93 2021.03.05⼯资薪⾦所得   2021.02      国家税务总局上海市宝⼭区"
- :name: 赵文洋
  :tax: 7281.54
  :company: 钢联
  :bonus_month: 2021-02-01
  :report:
  - "  2021.03.01    7281.54 2021.03.05⼯资薪⾦所得   2021.02"
